  [1m[35m (2.2ms)[0m  [1m[34mSELECT sqlite_version(*)[0m
  [1m[35m (1.7ms)[0m  [1m[35mCREATE TABLE "schema_migrations" ("version" varchar NOT NULL PRIMARY KEY)[0m
  [1m[35m (1.4ms)[0m  [1m[35mCREATE TABLE "ar_internal_metadata" ("key" varchar NOT NULL PRIMARY KEY, "value" varchar, "created_at" datetime(6) NOT NULL, "updated_at" datetime(6) NOT NULL)[0m
  [1m[35m (0.2ms)[0m  [1m[34mSELECT "schema_migrations"."version" FROM "schema_migrations" ORDER BY "schema_migrations"."version" ASC[0m
Migrating to CreatePatients (20200730210743)
  [1m[35m (0.1ms)[0m  [1m[36mbegin transaction[0m
  [1m[35m (0.7ms)[0m  [1m[35mCREATE TABLE "patients" ("id" integer PRIMARY KEY AUTOINCREMENT NOT NULL, "name" varchar, "age" integer, "created_at" datetime(6) NOT NULL, "updated_at" datetime(6) NOT NULL)[0m
  [1m[36mprimary::SchemaMigration Create (0.3ms)[0m  [1m[32mINSERT INTO "schema_migrations" ("version") VALUES (?)[0m  [["version", "20200730210743"]]
  [1m[35m (14.2ms)[0m  [1m[36mcommit transaction[0m
Migrating to CreateMedications (20200730210836)
  [1m[35m (0.1ms)[0m  [1m[36mbegin transaction[0m
  [1m[35m (2.1ms)[0m  [1m[35mCREATE TABLE "medications" ("id" integer PRIMARY KEY AUTOINCREMENT NOT NULL, "name" varchar, "form" varchar, "strength" varchar, "created_at" datetime(6) NOT NULL, "updated_at" datetime(6) NOT NULL)[0m
  [1m[36mprimary::SchemaMigration Create (1.6ms)[0m  [1m[32mINSERT INTO "schema_migrations" ("version") VALUES (?)[0m  [["version", "20200730210836"]]
  [1m[35m (9.4ms)[0m  [1m[36mcommit transaction[0m
  [1m[36mActiveRecord::InternalMetadata Load (0.2ms)[0m  [1m[34mSELECT "ar_internal_metadata".* FROM "ar_internal_metadata" WHERE "ar_internal_metadata"."key" = ? LIMIT ?[0m  [["key", "environment"], ["LIMIT", 1]]
  [1m[35m (0.1ms)[0m  [1m[36mbegin transaction[0m
  [1m[36mActiveRecord::InternalMetadata Create (0.4ms)[0m  [1m[32mINSERT INTO "ar_internal_metadata" ("key", "value", "created_at", "updated_at") VALUES (?, ?, ?, ?)[0m  [["key", "environment"], ["value", "development"], ["created_at", "2020-07-30 21:25:13.847185"], ["updated_at", "2020-07-30 21:25:13.847185"]]
  [1m[35m (0.7ms)[0m  [1m[36mcommit transaction[0m
  [1m[35m (0.1ms)[0m  [1m[34mSELECT sqlite_version(*)[0m
  [1m[35m (0.2ms)[0m  [1m[34mSELECT "schema_migrations"."version" FROM "schema_migrations" ORDER BY "schema_migrations"."version" ASC[0m
  [1m[35m (1.4ms)[0m  [1m[34mSELECT sqlite_version(*)[0m
  [1m[35m (0.1ms)[0m  [1m[36mbegin transaction[0m
  [1m[36mPatient Create (1.5ms)[0m  [1m[32mINSERT INTO "patients" ("name", "age", "created_at", "updated_at") VALUES (?, ?, ?, ?)[0m  [["name", "Ben Byrd"], ["age", 27], ["created_at", "2020-07-30 21:42:55.640496"], ["updated_at", "2020-07-30 21:42:55.640496"]]
  [1m[35m (2.2ms)[0m  [1m[36mcommit transaction[0m
  [1m[36mPatient Load (0.7ms)[0m  [1m[34mSELECT "patients".* FROM "patients" LIMIT ?[0m  [["LIMIT", 11]]
  [1m[36mMedication Load (2.0ms)[0m  [1m[34mSELECT "medications".* FROM "medications" LIMIT ?[0m  [["LIMIT", 11]]
  [1m[36mPatient Load (0.2ms)[0m  [1m[34mSELECT "patients".* FROM "patients" LIMIT ?[0m  [["LIMIT", 11]]
  [1m[36mPatient Load (0.2ms)[0m  [1m[34mSELECT "patients".* FROM "patients" LIMIT ?[0m  [["LIMIT", 11]]
  [1m[36mMedication Load (3.6ms)[0m  [1m[34mSELECT "medications".* FROM "medications" LIMIT ?[0m  [["LIMIT", 11]]
  [1m[36mPatient Load (1.2ms)[0m  [1m[34mSELECT "patients".* FROM "patients" WHERE "patients"."id" = ? LIMIT ?[0m  [["id", 1], ["LIMIT", 1]]
  [1m[35m (1.3ms)[0m  [1m[34mSELECT sqlite_version(*)[0m
  [1m[36mPatient Load (0.2ms)[0m  [1m[34mSELECT "patients".* FROM "patients" LIMIT ?[0m  [["LIMIT", 11]]
  [1m[35m (1.7ms)[0m  [1m[34mSELECT sqlite_version(*)[0m
  [1m[35m (0.8ms)[0m  [1m[34mSELECT "schema_migrations"."version" FROM "schema_migrations" ORDER BY "schema_migrations"."version" ASC[0m
  [1m[35m (0.2ms)[0m  [1m[34mSELECT "schema_migrations"."version" FROM "schema_migrations" ORDER BY "schema_migrations"."version" ASC[0m
  [1m[35m (0.1ms)[0m  [1m[34mSELECT "schema_migrations"."version" FROM "schema_migrations" ORDER BY "schema_migrations"."version" ASC[0m
  [1m[35m (0.1ms)[0m  [1m[34mSELECT "schema_migrations"."version" FROM "schema_migrations" ORDER BY "schema_migrations"."version" ASC[0m
Migrating to CreateMedications (20200730210836)
  [1m[35m (0.1ms)[0m  [1m[36mbegin transaction[0m
  [1m[35m (2.0ms)[0m  [1m[35mDROP TABLE "medications"[0m
  [1m[36mprimary::SchemaMigration Destroy (0.4ms)[0m  [1m[31mDELETE FROM "schema_migrations" WHERE "schema_migrations"."version" = ?[0m  [["version", "20200730210836"]]
  [1m[35m (0.6ms)[0m  [1m[36mcommit transaction[0m
  [1m[35m (0.0ms)[0m  [1m[34mSELECT sqlite_version(*)[0m
  [1m[35m (0.1ms)[0m  [1m[34mSELECT "schema_migrations"."version" FROM "schema_migrations" ORDER BY "schema_migrations"."version" ASC[0m
  [1m[35m (0.3ms)[0m  [1m[34mSELECT sqlite_version(*)[0m
  [1m[35m (0.1ms)[0m  [1m[34mSELECT "schema_migrations"."version" FROM "schema_migrations" ORDER BY "schema_migrations"."version" ASC[0m
Migrating to CreateMedications (20200730210836)
  [1m[35m (0.1ms)[0m  [1m[36mbegin transaction[0m
  [1m[35m (0.5ms)[0m  [1m[35mCREATE TABLE "medications" ("id" integer PRIMARY KEY AUTOINCREMENT NOT NULL, "name" varchar, "form" varchar, "strength" varchar, "created_at" datetime(6) NOT NULL, "updated_at" datetime(6) NOT NULL)[0m
  [1m[36mprimary::SchemaMigration Create (0.3ms)[0m  [1m[32mINSERT INTO "schema_migrations" ("version") VALUES (?)[0m  [["version", "20200730210836"]]
  [1m[35m (2.3ms)[0m  [1m[36mcommit transaction[0m
  [1m[36mActiveRecord::InternalMetadata Load (0.1ms)[0m  [1m[34mSELECT "ar_internal_metadata".* FROM "ar_internal_metadata" WHERE "ar_internal_metadata"."key" = ? LIMIT ?[0m  [["key", "environment"], ["LIMIT", 1]]
  [1m[35m (0.0ms)[0m  [1m[34mSELECT sqlite_version(*)[0m
  [1m[35m (0.1ms)[0m  [1m[34mSELECT "schema_migrations"."version" FROM "schema_migrations" ORDER BY "schema_migrations"."version" ASC[0m
  [1m[35m (0.3ms)[0m  [1m[34mSELECT sqlite_version(*)[0m
  [1m[36mPatient Load (0.2ms)[0m  [1m[34mSELECT "patients".* FROM "patients" LIMIT ?[0m  [["LIMIT", 11]]
  [1m[35m (0.3ms)[0m  [1m[34mSELECT sqlite_version(*)[0m
  [1m[35m (0.1ms)[0m  [1m[34mSELECT "schema_migrations"."version" FROM "schema_migrations" ORDER BY "schema_migrations"."version" ASC[0m
  [1m[35m (0.1ms)[0m  [1m[34mSELECT "schema_migrations"."version" FROM "schema_migrations" ORDER BY "schema_migrations"."version" ASC[0m
  [1m[35m (0.0ms)[0m  [1m[34mSELECT "schema_migrations"."version" FROM "schema_migrations" ORDER BY "schema_migrations"."version" ASC[0m
  [1m[35m (0.1ms)[0m  [1m[34mSELECT "schema_migrations"."version" FROM "schema_migrations" ORDER BY "schema_migrations"."version" ASC[0m
Migrating to CreateMedications (20200730210836)
  [1m[35m (0.1ms)[0m  [1m[36mbegin transaction[0m
  [1m[35m (0.5ms)[0m  [1m[35mDROP TABLE "medications"[0m
  [1m[36mprimary::SchemaMigration Destroy (0.2ms)[0m  [1m[31mDELETE FROM "schema_migrations" WHERE "schema_migrations"."version" = ?[0m  [["version", "20200730210836"]]
  [1m[35m (2.3ms)[0m  [1m[36mcommit transaction[0m
  [1m[35m (0.0ms)[0m  [1m[34mSELECT sqlite_version(*)[0m
  [1m[35m (0.1ms)[0m  [1m[34mSELECT "schema_migrations"."version" FROM "schema_migrations" ORDER BY "schema_migrations"."version" ASC[0m
  [1m[35m (0.4ms)[0m  [1m[34mSELECT sqlite_version(*)[0m
  [1m[35m (0.1ms)[0m  [1m[34mSELECT "schema_migrations"."version" FROM "schema_migrations" ORDER BY "schema_migrations"."version" ASC[0m
  [1m[35m (0.1ms)[0m  [1m[34mSELECT "schema_migrations"."version" FROM "schema_migrations" ORDER BY "schema_migrations"."version" ASC[0m
  [1m[35m (0.1ms)[0m  [1m[34mSELECT "schema_migrations"."version" FROM "schema_migrations" ORDER BY "schema_migrations"."version" ASC[0m
  [1m[35m (0.0ms)[0m  [1m[34mSELECT "schema_migrations"."version" FROM "schema_migrations" ORDER BY "schema_migrations"."version" ASC[0m
Migrating to CreatePatients (20200730210743)
  [1m[35m (0.1ms)[0m  [1m[36mbegin transaction[0m
  [1m[35m (0.5ms)[0m  [1m[35mDROP TABLE "patients"[0m
  [1m[36mprimary::SchemaMigration Destroy (0.2ms)[0m  [1m[31mDELETE FROM "schema_migrations" WHERE "schema_migrations"."version" = ?[0m  [["version", "20200730210743"]]
  [1m[35m (0.9ms)[0m  [1m[36mcommit transaction[0m
  [1m[35m (0.0ms)[0m  [1m[34mSELECT sqlite_version(*)[0m
  [1m[35m (0.1ms)[0m  [1m[34mSELECT "schema_migrations"."version" FROM "schema_migrations" ORDER BY "schema_migrations"."version" ASC[0m
  [1m[35m (0.3ms)[0m  [1m[34mSELECT sqlite_version(*)[0m
  [1m[35m (0.1ms)[0m  [1m[34mSELECT "schema_migrations"."version" FROM "schema_migrations" ORDER BY "schema_migrations"."version" ASC[0m
  [1m[35m (0.1ms)[0m  [1m[34mSELECT "schema_migrations"."version" FROM "schema_migrations" ORDER BY "schema_migrations"."version" ASC[0m
  [1m[35m (0.0ms)[0m  [1m[34mSELECT "schema_migrations"."version" FROM "schema_migrations" ORDER BY "schema_migrations"."version" ASC[0m
  [1m[35m (0.0ms)[0m  [1m[34mSELECT sqlite_version(*)[0m
  [1m[35m (0.1ms)[0m  [1m[34mSELECT "schema_migrations"."version" FROM "schema_migrations" ORDER BY "schema_migrations"."version" ASC[0m
  [1m[35m (0.3ms)[0m  [1m[34mSELECT sqlite_version(*)[0m
  [1m[36mPatient Load (0.4ms)[0m  [1m[34mSELECT "patients".* FROM "patients" LIMIT ?[0m  [["LIMIT", 11]]
  [1m[36mMedication Load (0.3ms)[0m  [1m[34mSELECT "medications".* FROM "medications" LIMIT ?[0m  [["LIMIT", 11]]
  [1m[36mMedication Load (0.3ms)[0m  [1m[34mSELECT "medications".* FROM "medications" LIMIT ?[0m  [["LIMIT", 11]]
  [1m[35m (0.8ms)[0m  [1m[34mSELECT sqlite_version(*)[0m
  [1m[36mPatient Load (0.6ms)[0m  [1m[34mSELECT "patients".* FROM "patients" LIMIT ?[0m  [["LIMIT", 11]]
  [1m[35m (6.9ms)[0m  [1m[34mSELECT sqlite_version(*)[0m
  [1m[35m (0.3ms)[0m  [1m[34mSELECT "schema_migrations"."version" FROM "schema_migrations" ORDER BY "schema_migrations"."version" ASC[0m
Migrating to CreatePatients (20200730210743)
  [1m[35m (0.1ms)[0m  [1m[36mbegin transaction[0m
  [1m[35m (0.8ms)[0m  [1m[35mCREATE TABLE "patients" ("id" integer PRIMARY KEY AUTOINCREMENT NOT NULL, "name" varchar, "age" integer, "created_at" datetime(6) NOT NULL, "updated_at" datetime(6) NOT NULL)[0m
  [1m[36mprimary::SchemaMigration Create (0.3ms)[0m  [1m[32mINSERT INTO "schema_migrations" ("version") VALUES (?)[0m  [["version", "20200730210743"]]
  [1m[35m (0.9ms)[0m  [1m[36mcommit transaction[0m
Migrating to CreateMedications (20200730210836)
  [1m[35m (0.1ms)[0m  [1m[36mbegin transaction[0m
  [1m[35m (0.5ms)[0m  [1m[35mCREATE TABLE "medications" ("id" integer PRIMARY KEY AUTOINCREMENT NOT NULL, "name" varchar, "form" varchar, "strength" varchar, "patient_id" integer, "created_at" datetime(6) NOT NULL, "updated_at" datetime(6) NOT NULL)[0m
  [1m[35m (0.1ms)[0m  [1m[35mCREATE  INDEX "index_medications_on_patient_id" ON "medications" ("patient_id")[0m
  [1m[36mprimary::SchemaMigration Create (0.2ms)[0m  [1m[32mINSERT INTO "schema_migrations" ("version") VALUES (?)[0m  [["version", "20200730210836"]]
  [1m[35m (1.3ms)[0m  [1m[36mcommit transaction[0m
  [1m[36mActiveRecord::InternalMetadata Load (0.2ms)[0m  [1m[34mSELECT "ar_internal_metadata".* FROM "ar_internal_metadata" WHERE "ar_internal_metadata"."key" = ? LIMIT ?[0m  [["key", "environment"], ["LIMIT", 1]]
  [1m[35m (0.1ms)[0m  [1m[34mSELECT sqlite_version(*)[0m
  [1m[35m (0.1ms)[0m  [1m[34mSELECT "schema_migrations"."version" FROM "schema_migrations" ORDER BY "schema_migrations"."version" ASC[0m
  [1m[35m (0.5ms)[0m  [1m[34mSELECT sqlite_version(*)[0m
  [1m[36mMedication Load (0.3ms)[0m  [1m[34mSELECT "medications".* FROM "medications" LIMIT ?[0m  [["LIMIT", 11]]
  [1m[35m (0.2ms)[0m  [1m[36mbegin transaction[0m
  [1m[36mPatient Load (0.1ms)[0m  [1m[34mSELECT "patients".* FROM "patients" WHERE "patients"."id" = ? LIMIT ?[0m  [["id", 1], ["LIMIT", 1]]
  [1m[35m (0.1ms)[0m  [1m[31mrollback transaction[0m
  [1m[35m (0.1ms)[0m  [1m[36mbegin transaction[0m
  [1m[36mPatient Create (0.7ms)[0m  [1m[32mINSERT INTO "patients" ("name", "age", "created_at", "updated_at") VALUES (?, ?, ?, ?)[0m  [["name", "Ben Byrd"], ["age", 27], ["created_at", "2020-07-30 22:02:04.032046"], ["updated_at", "2020-07-30 22:02:04.032046"]]
  [1m[35m (0.8ms)[0m  [1m[36mcommit transaction[0m
  [1m[35m (0.1ms)[0m  [1m[36mbegin transaction[0m
  [1m[36mPatient Load (0.2ms)[0m  [1m[34mSELECT "patients".* FROM "patients" WHERE "patients"."id" = ? LIMIT ?[0m  [["id", 1], ["LIMIT", 1]]
  [1m[36mMedication Create (2.0ms)[0m  [1m[32mINSERT INTO "medications" ("name", "form", "strength", "patient_id", "created_at", "updated_at") VALUES (?, ?, ?, ?, ?, ?)[0m  [["name", "Tylenol"], ["form", "tablet"], ["strength", "5mg"], ["patient_id", 1], ["created_at", "2020-07-30 22:02:08.411225"], ["updated_at", "2020-07-30 22:02:08.411225"]]
  [1m[35m (0.8ms)[0m  [1m[36mcommit transaction[0m
  [1m[36mMedication Load (0.2ms)[0m  [1m[34mSELECT "medications".* FROM "medications" LIMIT ?[0m  [["LIMIT", 11]]
Started GET "/" for ::1 at 2020-07-30 18:06:51 -0400
  [1m[35m (1.5ms)[0m  [1m[34mSELECT sqlite_version(*)[0m
  [1m[35m (0.9ms)[0m  [1m[34mSELECT "schema_migrations"."version" FROM "schema_migrations" ORDER BY "schema_migrations"."version" ASC[0m
Processing by Rails::WelcomeController#index as HTML
  Rendering /Users/christiancherry/.rvm/gems/ruby-2.6.1/gems/railties-6.0.3.2/lib/rails/templates/rails/welcome/index.html.erb
  Rendered /Users/christiancherry/.rvm/gems/ruby-2.6.1/gems/railties-6.0.3.2/lib/rails/templates/rails/welcome/index.html.erb (Duration: 17.1ms | Allocations: 481)
Completed 200 OK in 63ms (Views: 48.6ms | ActiveRecord: 0.0ms | Allocations: 2632)


Started GET "/patients/index" for ::1 at 2020-07-30 18:06:59 -0400
  
SyntaxError (/Users/christiancherry/js-rails-project/app/controllers/patients_controller.rb:4: syntax error, unexpected [, expecting do or '{' or '('
...ender json: patients, include [:medication]
...                              ^):
  
app/controllers/patients_controller.rb:4: syntax error, unexpected [, expecting do or '{' or '('
app/controllers/patients_controller.rb:4: syntax error, unexpected [, expecting do or '{' or '('
Started GET "/patients" for ::1 at 2020-07-30 18:07:06 -0400
  
SyntaxError (/Users/christiancherry/js-rails-project/app/controllers/patients_controller.rb:4: syntax error, unexpected [, expecting do or '{' or '('
...ender json: patients, include [:medication]
...                              ^):
  
app/controllers/patients_controller.rb:4: syntax error, unexpected [, expecting do or '{' or '('
app/controllers/patients_controller.rb:4: syntax error, unexpected [, expecting do or '{' or '('
Started GET "/patients" for ::1 at 2020-07-30 18:07:27 -0400
  [1m[35m (0.5ms)[0m  [1m[34mSELECT sqlite_version(*)[0m
  [1m[35m (0.2ms)[0m  [1m[34mSELECT "schema_migrations"."version" FROM "schema_migrations" ORDER BY "schema_migrations"."version" ASC[0m
Processing by PatientsController#index as HTML
  [1m[36mPatient Load (0.6ms)[0m  [1m[34mSELECT "patients".* FROM "patients"[0m
  ↳ app/controllers/patients_controller.rb:4:in `index'
Completed 200 OK in 23ms (Views: 8.0ms | ActiveRecord: 3.5ms | Allocations: 5847)


Started GET "/favicon.ico" for ::1 at 2020-07-30 18:07:27 -0400
  
ActionController::RoutingError (No route matches [GET] "/favicon.ico"):
  
actionpack (6.0.3.2) lib/action_dispatch/middleware/debug_exceptions.rb:36:in `call'
actionpack (6.0.3.2) lib/action_dispatch/middleware/show_exceptions.rb:33:in `call'
railties (6.0.3.2) lib/rails/rack/logger.rb:37:in `call_app'
railties (6.0.3.2) lib/rails/rack/logger.rb:26:in `block in call'
activesupport (6.0.3.2) lib/active_support/tagged_logging.rb:80:in `block in tagged'
activesupport (6.0.3.2) lib/active_support/tagged_logging.rb:28:in `tagged'
activesupport (6.0.3.2) lib/active_support/tagged_logging.rb:80:in `tagged'
railties (6.0.3.2) lib/rails/rack/logger.rb:26:in `call'
actionpack (6.0.3.2) lib/action_dispatch/middleware/remote_ip.rb:81:in `call'
actionpack (6.0.3.2) lib/action_dispatch/middleware/request_id.rb:27:in `call'
rack (2.2.3) lib/rack/runtime.rb:22:in `call'
activesupport (6.0.3.2) lib/active_support/cache/strategy/local_cache_middleware.rb:29:in `call'
actionpack (6.0.3.2) lib/action_dispatch/middleware/executor.rb:14:in `call'
actionpack (6.0.3.2) lib/action_dispatch/middleware/static.rb:126:in `call'
rack (2.2.3) lib/rack/sendfile.rb:110:in `call'
actionpack (6.0.3.2) lib/action_dispatch/middleware/host_authorization.rb:82:in `call'
rack-cors (1.1.1) lib/rack/cors.rb:100:in `call'
railties (6.0.3.2) lib/rails/engine.rb:527:in `call'
puma (4.3.5) lib/puma/configuration.rb:228:in `call'
puma (4.3.5) lib/puma/server.rb:713:in `handle_request'
puma (4.3.5) lib/puma/server.rb:472:in `process_client'
puma (4.3.5) lib/puma/server.rb:328:in `block in run'
puma (4.3.5) lib/puma/thread_pool.rb:134:in `block in spawn_thread'
Started GET "/patients" for ::1 at 2020-07-30 18:09:37 -0400
  [1m[35m (0.1ms)[0m  [1m[34mSELECT sqlite_version(*)[0m
Processing by PatientsController#index as */*
  [1m[36mPatient Load (3.0ms)[0m  [1m[34mSELECT "patients".* FROM "patients"[0m
  ↳ app/controllers/patients_controller.rb:4:in `index'
Completed 200 OK in 18ms (Views: 10.0ms | ActiveRecord: 3.5ms | Allocations: 5408)


Started GET "/patients" for ::1 at 2020-07-30 18:24:09 -0400
  [1m[35m (1.0ms)[0m  [1m[34mSELECT sqlite_version(*)[0m
  [1m[35m (0.9ms)[0m  [1m[34mSELECT "schema_migrations"."version" FROM "schema_migrations" ORDER BY "schema_migrations"."version" ASC[0m
Processing by PatientsController#index as */*
  [1m[36mPatient Load (0.4ms)[0m  [1m[34mSELECT "patients".* FROM "patients"[0m
  ↳ app/controllers/patients_controller.rb:4:in `index'
Completed 200 OK in 14ms (Views: 6.0ms | ActiveRecord: 1.0ms | Allocations: 5929)


Started GET "/patients" for ::1 at 2020-07-30 18:24:25 -0400
Processing by PatientsController#index as */*
  [1m[36mPatient Load (2.7ms)[0m  [1m[34mSELECT "patients".* FROM "patients"[0m
  ↳ app/controllers/patients_controller.rb:4:in `index'
Completed 200 OK in 5ms (Views: 1.7ms | ActiveRecord: 2.7ms | Allocations: 935)


Started GET "/patients" for ::1 at 2020-07-30 18:25:17 -0400
Processing by PatientsController#index as */*
  [1m[36mPatient Load (0.1ms)[0m  [1m[34mSELECT "patients".* FROM "patients"[0m
  ↳ app/controllers/patients_controller.rb:4:in `index'
Completed 200 OK in 2ms (Views: 1.6ms | ActiveRecord: 0.1ms | Allocations: 936)


Started GET "/patients" for ::1 at 2020-07-30 18:25:49 -0400
Processing by PatientsController#index as */*
  [1m[36mPatient Load (0.2ms)[0m  [1m[34mSELECT "patients".* FROM "patients"[0m
  ↳ app/controllers/patients_controller.rb:4:in `index'
Completed 200 OK in 2ms (Views: 1.8ms | ActiveRecord: 0.2ms | Allocations: 935)


Started GET "/patients" for ::1 at 2020-07-30 18:26:05 -0400
Processing by PatientsController#index as */*
  [1m[36mPatient Load (3.4ms)[0m  [1m[34mSELECT "patients".* FROM "patients"[0m
  ↳ app/controllers/patients_controller.rb:4:in `index'
Completed 200 OK in 5ms (Views: 1.5ms | ActiveRecord: 3.4ms | Allocations: 935)


Started GET "/patients" for ::1 at 2020-07-30 18:29:31 -0400
Processing by PatientsController#index as */*
  [1m[36mPatient Load (0.2ms)[0m  [1m[34mSELECT "patients".* FROM "patients"[0m
  ↳ app/controllers/patients_controller.rb:4:in `index'
Completed 200 OK in 4ms (Views: 3.1ms | ActiveRecord: 0.2ms | Allocations: 918)


Started GET "/patients" for ::1 at 2020-07-30 18:30:55 -0400
Processing by PatientsController#index as */*
  [1m[36mPatient Load (0.2ms)[0m  [1m[34mSELECT "patients".* FROM "patients"[0m
  ↳ app/controllers/patients_controller.rb:4:in `index'
Completed 200 OK in 3ms (Views: 2.8ms | ActiveRecord: 0.2ms | Allocations: 918)


Started GET "/patients" for ::1 at 2020-07-30 18:31:20 -0400
Processing by PatientsController#index as */*
  [1m[36mPatient Load (0.2ms)[0m  [1m[34mSELECT "patients".* FROM "patients"[0m
  ↳ app/controllers/patients_controller.rb:4:in `index'
Completed 200 OK in 4ms (Views: 3.2ms | ActiveRecord: 0.2ms | Allocations: 918)


Started GET "/patients" for ::1 at 2020-07-30 18:35:24 -0400
Processing by PatientsController#index as */*
  [1m[36mPatient Load (0.2ms)[0m  [1m[34mSELECT "patients".* FROM "patients"[0m
  ↳ app/controllers/patients_controller.rb:4:in `index'
Completed 200 OK in 2ms (Views: 1.8ms | ActiveRecord: 0.2ms | Allocations: 918)


Started GET "/patients" for ::1 at 2020-07-30 18:35:38 -0400
Processing by PatientsController#index as */*
  [1m[36mPatient Load (0.1ms)[0m  [1m[34mSELECT "patients".* FROM "patients"[0m
  ↳ app/controllers/patients_controller.rb:4:in `index'
Completed 200 OK in 1ms (Views: 1.1ms | ActiveRecord: 0.1ms | Allocations: 918)


Started GET "/patients" for ::1 at 2020-07-30 18:35:47 -0400
Processing by PatientsController#index as */*
  [1m[36mPatient Load (0.2ms)[0m  [1m[34mSELECT "patients".* FROM "patients"[0m
  ↳ app/controllers/patients_controller.rb:4:in `index'
Completed 200 OK in 3ms (Views: 2.4ms | ActiveRecord: 0.2ms | Allocations: 918)


Started GET "/patients" for ::1 at 2020-07-30 18:35:53 -0400
Processing by PatientsController#index as */*
  [1m[36mPatient Load (0.2ms)[0m  [1m[34mSELECT "patients".* FROM "patients"[0m
  ↳ app/controllers/patients_controller.rb:4:in `index'
Completed 200 OK in 4ms (Views: 3.6ms | ActiveRecord: 0.2ms | Allocations: 918)


Started GET "/patients" for ::1 at 2020-07-30 18:36:11 -0400
Processing by PatientsController#index as */*
  [1m[36mPatient Load (0.2ms)[0m  [1m[34mSELECT "patients".* FROM "patients"[0m
  ↳ app/controllers/patients_controller.rb:4:in `index'
Completed 200 OK in 6ms (Views: 1.6ms | ActiveRecord: 0.2ms | Allocations: 918)


Started GET "/patients" for ::1 at 2020-07-30 18:36:17 -0400
Processing by PatientsController#index as */*
  [1m[36mPatient Load (2.2ms)[0m  [1m[34mSELECT "patients".* FROM "patients"[0m
  ↳ app/controllers/patients_controller.rb:4:in `index'
Completed 200 OK in 4ms (Views: 1.3ms | ActiveRecord: 2.2ms | Allocations: 918)


Started GET "/patients" for ::1 at 2020-07-30 18:37:53 -0400
Processing by PatientsController#index as */*
  [1m[36mPatient Load (0.2ms)[0m  [1m[34mSELECT "patients".* FROM "patients"[0m
  ↳ app/controllers/patients_controller.rb:4:in `index'
Completed 200 OK in 2ms (Views: 1.9ms | ActiveRecord: 0.2ms | Allocations: 918)


Started GET "/patients" for ::1 at 2020-07-30 18:38:15 -0400
Processing by PatientsController#index as */*
  [1m[36mPatient Load (0.2ms)[0m  [1m[34mSELECT "patients".* FROM "patients"[0m
  ↳ app/controllers/patients_controller.rb:4:in `index'
Completed 200 OK in 2ms (Views: 1.4ms | ActiveRecord: 0.2ms | Allocations: 918)


Started GET "/patients" for ::1 at 2020-07-30 19:11:53 -0400
  [1m[35m (0.3ms)[0m  [1m[34mSELECT sqlite_version(*)[0m
Processing by PatientsController#index as */*
  [1m[36mPatient Load (0.6ms)[0m  [1m[34mSELECT "patients".* FROM "patients"[0m
  ↳ app/controllers/patients_controller.rb:4:in `index'
Completed 200 OK in 14ms (Views: 11.2ms | ActiveRecord: 0.6ms | Allocations: 936)


Started GET "/patients" for ::1 at 2020-07-30 19:15:36 -0400
Processing by PatientsController#index as */*
  [1m[36mPatient Load (0.3ms)[0m  [1m[34mSELECT "patients".* FROM "patients"[0m
  ↳ app/controllers/patients_controller.rb:4:in `index'
Completed 200 OK in 5ms (Views: 3.7ms | ActiveRecord: 0.3ms | Allocations: 918)


Started GET "/patients" for ::1 at 2020-07-30 19:15:53 -0400
Processing by PatientsController#index as */*
  [1m[36mPatient Load (0.1ms)[0m  [1m[34mSELECT "patients".* FROM "patients"[0m
  ↳ app/controllers/patients_controller.rb:4:in `index'
Completed 200 OK in 1ms (Views: 1.1ms | ActiveRecord: 0.1ms | Allocations: 918)


Started GET "/patients" for ::1 at 2020-07-30 19:17:06 -0400
Processing by PatientsController#index as */*
  [1m[36mPatient Load (0.1ms)[0m  [1m[34mSELECT "patients".* FROM "patients"[0m
  ↳ app/controllers/patients_controller.rb:4:in `index'
Completed 200 OK in 3ms (Views: 2.6ms | ActiveRecord: 0.1ms | Allocations: 918)


Started GET "/patients" for ::1 at 2020-07-30 19:17:37 -0400
Processing by PatientsController#index as */*
  [1m[36mPatient Load (0.2ms)[0m  [1m[34mSELECT "patients".* FROM "patients"[0m
  ↳ app/controllers/patients_controller.rb:4:in `index'
Completed 200 OK in 2ms (Views: 2.0ms | ActiveRecord: 0.2ms | Allocations: 918)


Started GET "/patients" for ::1 at 2020-07-30 19:21:26 -0400
Processing by PatientsController#index as */*
  [1m[36mPatient Load (0.2ms)[0m  [1m[34mSELECT "patients".* FROM "patients"[0m
  ↳ app/controllers/patients_controller.rb:4:in `index'
Completed 200 OK in 2ms (Views: 1.4ms | ActiveRecord: 0.2ms | Allocations: 918)


Started GET "/patients" for ::1 at 2020-07-30 19:24:36 -0400
Processing by PatientsController#index as */*
  [1m[36mPatient Load (0.2ms)[0m  [1m[34mSELECT "patients".* FROM "patients"[0m
  ↳ app/controllers/patients_controller.rb:4:in `index'
Completed 200 OK in 2ms (Views: 1.1ms | ActiveRecord: 0.2ms | Allocations: 918)


Started GET "/patients" for ::1 at 2020-07-30 21:50:54 -0400
  [1m[35m (0.3ms)[0m  [1m[34mSELECT sqlite_version(*)[0m
Processing by PatientsController#index as */*
  [1m[36mPatient Load (0.6ms)[0m  [1m[34mSELECT "patients".* FROM "patients"[0m
  ↳ app/controllers/patients_controller.rb:4:in `index'
Completed 200 OK in 9ms (Views: 6.4ms | ActiveRecord: 0.6ms | Allocations: 936)


Started GET "/patients" for ::1 at 2020-07-30 21:53:11 -0400
Processing by PatientsController#index as */*
  [1m[36mPatient Load (0.2ms)[0m  [1m[34mSELECT "patients".* FROM "patients"[0m
  ↳ app/controllers/patients_controller.rb:4:in `index'
Completed 200 OK in 3ms (Views: 2.2ms | ActiveRecord: 0.2ms | Allocations: 918)


Started GET "/patients" for ::1 at 2020-07-30 21:57:28 -0400
Processing by PatientsController#index as */*
  [1m[36mPatient Load (0.2ms)[0m  [1m[34mSELECT "patients".* FROM "patients"[0m
  ↳ app/controllers/patients_controller.rb:4:in `index'
Completed 200 OK in 5ms (Views: 4.3ms | ActiveRecord: 0.2ms | Allocations: 918)


Started GET "/patients" for ::1 at 2020-07-30 22:03:26 -0400
  [1m[35m (0.1ms)[0m  [1m[34mSELECT sqlite_version(*)[0m
Processing by PatientsController#index as */*
  [1m[36mPatient Load (0.7ms)[0m  [1m[34mSELECT "patients".* FROM "patients"[0m
  ↳ app/controllers/patients_controller.rb:4:in `index'
Completed 200 OK in 5ms (Views: 2.8ms | ActiveRecord: 0.7ms | Allocations: 936)


Started GET "/patients" for ::1 at 2020-07-30 22:04:25 -0400
Processing by PatientsController#index as */*
  [1m[36mPatient Load (0.2ms)[0m  [1m[34mSELECT "patients".* FROM "patients"[0m
  ↳ app/controllers/patients_controller.rb:4:in `index'
Completed 200 OK in 2ms (Views: 1.9ms | ActiveRecord: 0.2ms | Allocations: 918)


Started GET "/patients" for ::1 at 2020-07-30 22:05:22 -0400
Processing by PatientsController#index as */*
  [1m[36mPatient Load (1.8ms)[0m  [1m[34mSELECT "patients".* FROM "patients"[0m
  ↳ app/controllers/patients_controller.rb:4:in `index'
Completed 200 OK in 4ms (Views: 1.8ms | ActiveRecord: 1.8ms | Allocations: 918)


Started GET "/patients" for ::1 at 2020-07-30 22:21:42 -0400
  [1m[35m (0.5ms)[0m  [1m[34mSELECT sqlite_version(*)[0m
Processing by PatientsController#index as */*
  [1m[36mPatient Load (1.0ms)[0m  [1m[34mSELECT "patients".* FROM "patients"[0m
  ↳ app/controllers/patients_controller.rb:4:in `index'
Completed 200 OK in 12ms (Views: 8.8ms | ActiveRecord: 1.0ms | Allocations: 936)


Started GET "/patients" for ::1 at 2020-07-30 22:23:38 -0400
Processing by PatientsController#index as */*
  [1m[36mPatient Load (0.2ms)[0m  [1m[34mSELECT "patients".* FROM "patients"[0m
  ↳ app/controllers/patients_controller.rb:4:in `index'
Completed 200 OK in 2ms (Views: 1.8ms | ActiveRecord: 0.2ms | Allocations: 918)


Started GET "/patients" for ::1 at 2020-07-30 22:24:27 -0400
Processing by PatientsController#index as */*
  [1m[36mPatient Load (0.4ms)[0m  [1m[34mSELECT "patients".* FROM "patients"[0m
  ↳ app/controllers/patients_controller.rb:4:in `index'
Completed 200 OK in 8ms (Views: 7.6ms | ActiveRecord: 0.4ms | Allocations: 918)


Started GET "/patients" for ::1 at 2020-07-30 22:24:42 -0400
Processing by PatientsController#index as */*
  [1m[36mPatient Load (0.3ms)[0m  [1m[34mSELECT "patients".* FROM "patients"[0m
  ↳ app/controllers/patients_controller.rb:4:in `index'
Completed 200 OK in 3ms (Views: 1.4ms | ActiveRecord: 0.3ms | Allocations: 918)


Started GET "/patients" for ::1 at 2020-07-30 22:26:09 -0400
Processing by PatientsController#index as */*
  [1m[36mPatient Load (0.2ms)[0m  [1m[34mSELECT "patients".* FROM "patients"[0m
  ↳ app/controllers/patients_controller.rb:4:in `index'
Completed 200 OK in 3ms (Views: 2.4ms | ActiveRecord: 0.2ms | Allocations: 918)


Started GET "/patients" for ::1 at 2020-07-30 22:28:21 -0400
Processing by PatientsController#index as */*
  [1m[36mPatient Load (0.1ms)[0m  [1m[34mSELECT "patients".* FROM "patients"[0m
  ↳ app/controllers/patients_controller.rb:4:in `index'
Completed 200 OK in 2ms (Views: 1.3ms | ActiveRecord: 0.1ms | Allocations: 918)


Started GET "/patients" for ::1 at 2020-07-30 22:29:46 -0400
Processing by PatientsController#index as */*
  [1m[36mPatient Load (0.1ms)[0m  [1m[34mSELECT "patients".* FROM "patients"[0m
  ↳ app/controllers/patients_controller.rb:4:in `index'
Completed 200 OK in 6ms (Views: 5.5ms | ActiveRecord: 0.1ms | Allocations: 919)


Started GET "/patients" for ::1 at 2020-07-30 22:32:39 -0400
Processing by PatientsController#index as */*
  [1m[36mPatient Load (0.1ms)[0m  [1m[34mSELECT "patients".* FROM "patients"[0m
  ↳ app/controllers/patients_controller.rb:4:in `index'
Completed 200 OK in 4ms (Views: 3.6ms | ActiveRecord: 0.1ms | Allocations: 918)


Started GET "/patients" for ::1 at 2020-07-30 22:32:56 -0400
  [1m[35m (0.9ms)[0m  [1m[34mSELECT sqlite_version(*)[0m
  [1m[35m (0.7ms)[0m  [1m[34mSELECT "schema_migrations"."version" FROM "schema_migrations" ORDER BY "schema_migrations"."version" ASC[0m
Processing by PatientsController#index as */*
  [1m[36mPatient Load (0.5ms)[0m  [1m[34mSELECT "patients".* FROM "patients"[0m
  ↳ app/controllers/patients_controller.rb:4:in `index'
Completed 200 OK in 17ms (Views: 9.4ms | ActiveRecord: 1.3ms | Allocations: 5843)


Started GET "/patients" for ::1 at 2020-07-30 22:32:58 -0400
Processing by PatientsController#index as */*
  [1m[36mPatient Load (0.1ms)[0m  [1m[34mSELECT "patients".* FROM "patients"[0m
  ↳ app/controllers/patients_controller.rb:4:in `index'
Completed 200 OK in 2ms (Views: 1.4ms | ActiveRecord: 0.1ms | Allocations: 935)


Started GET "/patients" for ::1 at 2020-07-30 22:37:21 -0400
Processing by PatientsController#index as */*
  [1m[36mPatient Load (0.3ms)[0m  [1m[34mSELECT "patients".* FROM "patients"[0m
  ↳ app/controllers/patients_controller.rb:4:in `index'
Completed 200 OK in 3ms (Views: 2.4ms | ActiveRecord: 0.3ms | Allocations: 935)


Started GET "/patients" for ::1 at 2020-07-31 11:37:38 -0400
  [1m[35m (0.3ms)[0m  [1m[34mSELECT sqlite_version(*)[0m
Processing by PatientsController#index as */*
  [1m[36mPatient Load (3.2ms)[0m  [1m[34mSELECT "patients".* FROM "patients"[0m
  ↳ app/controllers/patients_controller.rb:4:in `index'
Completed 200 OK in 18ms (Views: 11.0ms | ActiveRecord: 3.2ms | Allocations: 947)


Started GET "/patients" for ::1 at 2020-07-31 11:38:20 -0400
Processing by PatientsController#index as */*
  [1m[36mPatient Load (0.2ms)[0m  [1m[34mSELECT "patients".* FROM "patients"[0m
  ↳ app/controllers/patients_controller.rb:4:in `index'
Completed 200 OK in 3ms (Views: 2.3ms | ActiveRecord: 0.2ms | Allocations: 935)


Started GET "/patients" for ::1 at 2020-07-31 11:42:48 -0400
Processing by PatientsController#index as */*
  [1m[36mPatient Load (0.2ms)[0m  [1m[34mSELECT "patients".* FROM "patients"[0m
  ↳ app/controllers/patients_controller.rb:4:in `index'
Completed 200 OK in 7ms (Views: 6.8ms | ActiveRecord: 0.2ms | Allocations: 918)


